<?xml version="1.0" encoding="UTF-8"?>
<testsuite name="com.times.apiautomation.TestRunner" time="17.814" tests="35" errors="0" skipped="0" failures="0">
  <properties>
[...]
</properties>
  <testcase name="To All Screen Pagination Api." classname="To Test the All Screen Pagination-Styles Api" time="4.363"/>
  <testcase name="To test Styles Api." classname="To Test the All Screen Pagination-Styles Api" time="0.475"/>
  <testcase name="Meta info &amp; Playback Screen - Music Feature - To test home Music Api." classname="To Test the Details Module Api" time="0.339"/>
  <testcase name="Meta info &amp; Playback Screen - Movie Feature - To test home Movie Api." classname="To Test the Details Module Api" time="0.33"/>
  <testcase name="Meta info &amp; Playback Screen - Shorts Feature - To test Videos Shorts Api." classname="To Test the Details Module Api" time="0.292"/>
  <testcase name="Meta info &amp; Playback Screen - Episodes Feature - To test Videos Episodes Api." classname="To Test the Details Module Api" time="0.292"/>
  <testcase name="Show Details Page - Meta Screen - To test TV Show Api." classname="To Test the Details Module Api" time="0.271"/>
  <testcase name="Show Details Page - Meta Screen - To test Season Api." classname="To Test the Details Module Api" time="0.258"/>
  <testcase name="Album Details Page - Meta Screen - To test Album Api." classname="To Test the Details Module Api" time="0.311"/>
  <testcase name="Publisher - Publisher Screen - To test Publisher Api." classname="To Test the Details Module Api" time="0.288"/>
  <testcase name="Home Screen - To test home tab Api." classname="To Test the Home Module Api." time="1.065"/>
  <testcase name="Home Screen - To test home listing Apis." classname="To Test the Home Module Api." time="0.756"/>
  <testcase name="Home Screen - To test home Carousel Api." classname="To Test the Home Module Api." time="0.235"/>
  <testcase name="Buzz Screen - To test Category pills Api." classname="To Test the Home Module Api." time="1.043"/>
  <testcase name="Buzz Screen - To test Feed (based on the category selection) Api." classname="To Test the Home Module Api." time="0.193"/>
  <testcase name="Buzz Screen - To test listing Api." classname="To Test the Home Module Api." time="1.171"/>
  <testcase name="Music Screen - To test Carousel Api." classname="To Test the Home Module Api." time="0.24"/>
  <testcase name="Music Screen - To test Listing Api." classname="To Test the Home Module Api." time="0.37"/>
  <testcase name="Shows Screen - To test Carousel Api." classname="To Test the Home Module Api." time="0.23"/>
  <testcase name="Shows Screen - To test Listing Api." classname="To Test the Home Module Api." time="0.574"/>
  <testcase name="Movies Screen - To test Carousel Api." classname="To Test the Home Module Api." time="0.217"/>
  <testcase name="Movies Screen - To test Listing Api." classname="To Test the Home Module Api." time="0.56"/>
  <testcase name="Times Flow - To test video details api with different data." classname="To Test the Home Module Api." time="0.353"/>
  <testcase name="Player Screen - Music Feature - To test Player support for Live and DVR Api." classname="To Test the Live TV Module Apis" time="0.234"/>
  <testcase name="Detail Screen - To test contributor values-Artist  Api." classname="To Test the Music Module Apis" time="0.309"/>
  <testcase name="Movies - To Test Movie Recommend Api." classname="To Test the Pagination Recommendation Module Apis" time="0.317"/>
  <testcase name="Short Videos - To Test Watch Next Api." classname="To Test the Pagination Recommendation Module Apis" time="0.381"/>
  <testcase name="Short Videos - To Test Short Related Videos Api." classname="To Test the Pagination Recommendation Module Apis" time="0.291"/>
  <testcase name="Short Videos - To Test Short Videos Watch Next Api." classname="To Test the Recommendation Module Apis" time="0.368"/>
  <testcase name="Movies - To Test Movie recommended Api." classname="To Test the Recommendation Module Apis" time="0.261"/>
  <testcase name="Movies - To Test Movie Related Clips Api." classname="To Test the Recommendation Module Apis" time="0.255"/>
  <testcase name="TV Show - To Test TV Show Episodes Api." classname="To Test the Recommendation Module Apis" time="0.307"/>
  <testcase name="To Test Search Results Query Api." classname="To Test the Search Results Api" time="0.462"/>
  <testcase name="To Test Search Results Trending Api." classname="To Test the Search Results Api" time="0.18"/>
  <testcase name="To Test Search Suggestion Api." classname="To Test the Search Results Api" time="0.223"/>
</testsuite>