<?xml version="1.0" encoding="UTF-8"?><testsuite errors="0" failures="0" name="To Test the Details Module Api" skipped="0" tests="8" time="2.4" timestamp="2018-08-11T00:31:24.648+05:30[Asia/Kolkata]"><testcase name="Meta info &amp; Playback Screen - Music Feature - To test home Music Api."/><testcase name="Meta info &amp; Playback Screen - Movie Feature - To test home Movie Api."/><testcase name="Meta info &amp; Playback Screen - Shorts Feature - To test Videos Shorts Api."/><testcase name="Meta info &amp; Playback Screen - Episodes Feature - To test Videos Episodes Api."/><testcase name="Show Details Page - Meta Screen - To test TV Show Api."/><testcase name="Show Details Page - Meta Screen - To test Season Api."/><testcase name="Album Details Page - Meta Screen - To test Album Api."/><testcase name="Publisher - Publisher Screen - To test Publisher Api."/></testsuite>