<?xml version="1.0" encoding="UTF-8"?><testsuite errors="0" failures="0" name="To Test the Home Module Api." skipped="0" tests="13" time="7.07" timestamp="2018-08-11T00:31:27.066+05:30[Asia/Kolkata]"><testcase name="Home Screen - To test home tab Api."/><testcase name="Home Screen - To test home listing Apis."/><testcase name="Home Screen - To test home Carousel Api."/><testcase name="Buzz Screen - To test Category pills Api."/><testcase name="Buzz Screen - To test Feed (based on the category selection) Api."/><testcase name="Buzz Screen - To test listing Api."/><testcase name="Music Screen - To test Carousel Api."/><testcase name="Music Screen - To test Listing Api."/><testcase name="Shows Screen - To test Carousel Api."/><testcase name="Shows Screen - To test Listing Api."/><testcase name="Movies Screen - To test Carousel Api."/><testcase name="Movies Screen - To test Listing Api."/><testcase name="Times Flow - To test video details api with different data."/></testsuite>